<?xml version="1.0" encoding="UTF-8"?>
<testsuite name="com.example.android.SimpleCalc.CalculatorTest" tests="13" skipped="0" failures="0" errors="0" timestamp="2022-04-19T08:49:44" hostname="DESKTOP-R49IVPB" time="0.01">
  <properties/>
  <testcase name="addTwoNumbers" classname="com.example.android.SimpleCalc.CalculatorTest" time="0.005"/>
  <testcase name="subTwoNumbers" classname="com.example.android.SimpleCalc.CalculatorTest" time="0.0"/>
  <testcase name="addTwoNumbersNegative" classname="com.example.android.SimpleCalc.CalculatorTest" time="0.0"/>
  <testcase name="mulTwoNumbers" classname="com.example.android.SimpleCalc.CalculatorTest" time="0.0"/>
  <testcase name="subWorksWithNegativeResult" classname="com.example.android.SimpleCalc.CalculatorTest" time="0.0"/>
  <testcase name="divTwoNumbers" classname="com.example.android.SimpleCalc.CalculatorTest" time="0.0"/>
  <testcase name="addTwoNumbersFloats" classname="com.example.android.SimpleCalc.CalculatorTest" time="0.003"/>
  <testcase name="powTwoNumbers1" classname="com.example.android.SimpleCalc.CalculatorTest" time="0.0"/>
  <testcase name="powTwoNumbers2" classname="com.example.android.SimpleCalc.CalculatorTest" time="0.0"/>
  <testcase name="powTwoNumbers3" classname="com.example.android.SimpleCalc.CalculatorTest" time="0.0"/>
  <testcase name="powTwoNumbers4" classname="com.example.android.SimpleCalc.CalculatorTest" time="0.0"/>
  <testcase name="powTwoNumbers5" classname="com.example.android.SimpleCalc.CalculatorTest" time="0.0"/>
  <testcase name="divTwoNumbersZero" classname="com.example.android.SimpleCalc.CalculatorTest" time="0.0"/>
  <system-out><![CDATA[]]></system-out>
  <system-err><![CDATA[]]></system-err>
</testsuite>
