<?xml version='1.0' encoding='UTF-8' ?>
<testsuite name="com.example.android.scorekeeper.ScorePlusMinusTest" tests="1" failures="0" errors="0" skipped="0" time="3.621" timestamp="2022-04-12T14:54:37" hostname="localhost">
  <properties>
    <property name="device" value="Pixel_5_API_28(AVD) - 9" />
    <property name="flavor" value="" />
    <property name="project" value="app" />
  </properties>
  <testcase name="scorePlusMinusTest" classname="com.example.android.scorekeeper.ScorePlusMinusTest" time="2.476" />
</testsuite>